# JRE version: OpenJDK Runtime Environment (11.0.11+9) (build 11.0.11+9-b60-7590822)
# Java VM: OpenJDK 64-Bit Server VM (11.0.11+9-b60-7590822, mixed mode, tiered, compressed oops, g1 gc, windows-amd64)
Heap:
 garbage-first heap   total 311296K, used 202828K [0x0000000080000000, 0x0000000100000000)
  region size 1024K, 190 young (194560K), 18 survivors (18432K)
 Metaspace       used 47762K, capacity 48958K, committed 49276K, reserved 1091584K
  class space    used 6112K, capacity 6570K, committed 6656K, reserved 1048576K
GC Heap History (15 events):
Event: 1.221 GC heap before
{Heap before GC invocations=0 (full 0):
 garbage-first heap   total 311296K, used 20480K [0x0000000080000000, 0x0000000100000000)
  region size 1024K, 15 young (15360K), 0 survivors (0K)
 Metaspace       used 7019K, capacity 7121K, committed 7424K, reserved 1056768K
  class space    used 619K, capacity 650K, committed 768K, reserved 1048576K
}
Event: 1.242 GC heap after
{Heap after GC invocations=1 (full 0):
 garbage-first heap   total 311296K, used 8212K [0x0000000080000000, 0x0000000100000000)
  region size 1024K, 2 young (2048K), 2 survivors (2048K)
 Metaspace       used 7019K, capacity 7121K, committed 7424K, reserved 1056768K
  class space    used 619K, capacity 650K, committed 768K, reserved 1048576K
}
Event: 1.593 GC heap before
{Heap before GC invocations=1 (full 0):
 garbage-first heap   total 311296K, used 21524K [0x0000000080000000, 0x0000000100000000)
  region size 1024K, 15 young (15360K), 2 survivors (2048K)
 Metaspace       used 10474K, capacity 10719K, committed 11008K, reserved 1058816K
  class space    used 1088K, capacity 1173K, committed 1280K, reserved 1048576K
}
Event: 1.596 GC heap after
{Heap after GC invocations=2 (full 0):
 garbage-first heap   total 311296K, used 9269K [0x0000000080000000, 0x0000000100000000)
  region size 1024K, 1 young (1024K), 1 survivors (1024K)
 Metaspace       used 10474K, capacity 10719K, committed 11008K, reserved 1058816K
  class space    used 1088K, capacity 1173K, committed 1280K, reserved 1048576K
}
Event: 1.978 GC heap before
{Heap before GC invocations=2 (full 0):
 garbage-first heap   total 311296K, used 39989K [0x0000000080000000, 0x0000000100000000)
  region size 1024K, 30 young (30720K), 1 survivors (1024K)
 Metaspace       used 11319K, capacity 11514K, committed 11776K, reserved 1060864K
  class space    used 1176K, capacity 1246K, committed 1280K, reserved 1048576K
}
Event: 1.981 GC heap after
{Heap after GC invocations=3 (full 0):
 garbage-first heap   total 311296K, used 12767K [0x0000000080000000, 0x0000000100000000)
  region size 1024K, 4 young (4096K), 4 survivors (4096K)
 Metaspace       used 11319K, capacity 11514K, committed 11776K, reserved 1060864K
  class space    used 1176K, capacity 1246K, committed 1280K, reserved 1048576K
}
Event: 3.148 GC heap before
{Heap before GC invocations=3 (full 0):
 garbage-first heap   total 311296K, used 55775K [0x0000000080000000, 0x0000000100000000)
  region size 1024K, 46 young (47104K), 4 survivors (4096K)
 Metaspace       used 18154K, capacity 18523K, committed 18688K, reserved 1064960K
  class space    used 2162K, capacity 2287K, committed 2304K, reserved 1048576K
}
Event: 3.153 GC heap after
{Heap after GC invocations=4 (full 0):
 garbage-first heap   total 311296K, used 16029K [0x0000000080000000, 0x0000000100000000)
  region size 1024K, 4 young (4096K), 4 survivors (4096K)
 Metaspace       used 18154K, capacity 18523K, committed 18688K, reserved 1064960K
  class space    used 2162K, capacity 2287K, committed 2304K, reserved 1048576K
}
Event: 3.387 GC heap before
{Heap before GC invocations=4 (full 0):
 garbage-first heap   total 311296K, used 37533K [0x0000000080000000, 0x0000000100000000)
  region size 1024K, 26 young (26624K), 4 survivors (4096K)
 Metaspace       used 20688K, capacity 21109K, committed 21296K, reserved 1069056K
  class space    used 2533K, capacity 2659K, committed 2688K, reserved 1048576K
}
Event: 3.392 GC heap after
{Heap after GC invocations=5 (full 0):
 garbage-first heap   total 311296K, used 16845K [0x0000000080000000, 0x0000000100000000)
  region size 1024K, 5 young (5120K), 5 survivors (5120K)
 Metaspace       used 20688K, capacity 21109K, committed 21296K, reserved 1069056K
  class space    used 2533K, capacity 2659K, committed 2688K, reserved 1048576K
}
Event: 4.513 GC heap before
{Heap before GC invocations=6 (full 0):
 garbage-first heap   total 311296K, used 80333K [0x0000000080000000, 0x0000000100000000)
  region size 1024K, 68 young (69632K), 5 survivors (5120K)
 Metaspace       used 26900K, capacity 27513K, committed 27824K, reserved 1073152K
  class space    used 3537K, capacity 3739K, committed 3840K, reserved 1048576K
}
Event: 4.521 GC heap after
{Heap after GC invocations=7 (full 0):
 garbage-first heap   total 311296K, used 19257K [0x0000000080000000, 0x0000000100000000)
  region size 1024K, 7 young (7168K), 7 survivors (7168K)
 Metaspace       used 26900K, capacity 27513K, committed 27824K, reserved 1073152K
  class space    used 3537K, capacity 3739K, committed 3840K, reserved 1048576K
}
Event: 5.495 GC heap before
{Heap before GC invocations=7 (full 0):
 garbage-first heap   total 311296K, used 65337K [0x0000000080000000, 0x0000000100000000)
  region size 1024K, 53 young (54272K), 7 survivors (7168K)
 Metaspace       used 34853K, capacity 35646K, committed 35708K, reserved 1081344K
  class space    used 4532K, capacity 4857K, committed 4864K, reserved 1048576K
}
Event: 5.506 GC heap after
{Heap after GC invocations=8 (full 0):
 garbage-first heap   total 311296K, used 22604K [0x0000000080000000, 0x0000000100000000)
  region size 1024K, 10 young (10240K), 10 survivors (10240K)
 Metaspace       used 34853K, capacity 35646K, committed 35708K, reserved 1081344K
  class space    used 4532K, capacity 4857K, committed 4864K, reserved 1048576K
}
Event: 8.211 GC heap before
{Heap before GC invocations=9 (full 0):
 garbage-first heap   total 311296K, used 201804K [0x0000000080000000, 0x0000000100000000)
  region size 1024K, 182 young (186368K), 10 survivors (10240K)
 Metaspace       used 47762K, capacity 48958K, committed 49276K, reserved 1091584K
  class space    used 6112K, capacity 6570K, committed 6656K, reserved 1048576K
}

